
*** Running vivado
    with args -log dma_sys_rst_ps7_0_50M_0.vds -m64 -product Vivado -mode batch -messageDb vivado.pb -notrace -source dma_sys_rst_ps7_0_50M_0.tcl


****** Vivado v2017.3.1 (64-bit)
  **** SW Build 2035080 on Fri Oct 20 14:20:01 MDT 2017
  **** IP Build 2034413 on Fri Oct 20 15:56:25 MDT 2017
    ** Copyright 1986-2017 Xilinx, Inc. All Rights Reserved.

source dma_sys_rst_ps7_0_50M_0.tcl -notrace
Starting RTL Elaboration : Time (s): cpu = 00:00:10 ; elapsed = 00:00:11 . Memory (MB): peak = 393.676 ; gain = 95.895
INFO: [Synth 8-638] synthesizing module 'dma_sys_rst_ps7_0_50M_0' [d:/Developer/dma_sys/dma_sys.srcs/sources_1/bd/dma_sys/ip/dma_sys_rst_ps7_0_50M_0/synth/dma_sys_rst_ps7_0_50M_0.vhd:74]
INFO: [Synth 8-638] synthesizing module 'proc_sys_reset' [d:/Developer/dma_sys/dma_sys.srcs/sources_1/bd/dma_sys/ipshared/f86a/hdl/proc_sys_reset_v5_0_vh_rfs.vhd:1323]
INFO: [Synth 8-638] synthesizing module 'lpf' [d:/Developer/dma_sys/dma_sys.srcs/sources_1/bd/dma_sys/ipshared/f86a/hdl/proc_sys_reset_v5_0_vh_rfs.vhd:816]
INFO: [Synth 8-638] synthesizing module 'SRL16' [C:/Xilinx/Vivado/2017.3/scripts/rt/data/unisim_comp.v:50689]
INFO: [Synth 8-256] done synthesizing module 'SRL16' (1#1) [C:/Xilinx/Vivado/2017.3/scripts/rt/data/unisim_comp.v:50689]
INFO: [Synth 8-638] synthesizing module 'cdc_sync' [d:/Developer/dma_sys/dma_sys.srcs/sources_1/bd/dma_sys/ipshared/ef1e/hdl/lib_cdc_v1_0_rfs.vhd:106]
INFO: [Synth 8-256] done synthesizing module 'cdc_sync' (2#1) [d:/Developer/dma_sys/dma_sys.srcs/sources_1/bd/dma_sys/ipshared/ef1e/hdl/lib_cdc_v1_0_rfs.vhd:106]
INFO: [Synth 8-256] done synthesizing module 'lpf' (3#1) [d:/Developer/dma_sys/dma_sys.srcs/sources_1/bd/dma_sys/ipshared/f86a/hdl/proc_sys_reset_v5_0_vh_rfs.vhd:816]
INFO: [Synth 8-638] synthesizing module 'sequence_psr' [d:/Developer/dma_sys/dma_sys.srcs/sources_1/bd/dma_sys/ipshared/f86a/hdl/proc_sys_reset_v5_0_vh_rfs.vhd:301]
INFO: [Synth 8-638] synthesizing module 'upcnt_n' [d:/Developer/dma_sys/dma_sys.srcs/sources_1/bd/dma_sys/ipshared/f86a/hdl/proc_sys_reset_v5_0_vh_rfs.vhd:125]
INFO: [Synth 8-256] done synthesizing module 'upcnt_n' (4#1) [d:/Developer/dma_sys/dma_sys.srcs/sources_1/bd/dma_sys/ipshared/f86a/hdl/proc_sys_reset_v5_0_vh_rfs.vhd:125]
INFO: [Synth 8-256] done synthesizing module 'sequence_psr' (5#1) [d:/Developer/dma_sys/dma_sys.srcs/sources_1/bd/dma_sys/ipshared/f86a/hdl/proc_sys_reset_v5_0_vh_rfs.vhd:301]
INFO: [Synth 8-256] done synthesizing module 'proc_sys_reset' (6#1) [d:/Developer/dma_sys/dma_sys.srcs/sources_1/bd/dma_sys/ipshared/f86a/hdl/proc_sys_reset_v5_0_vh_rfs.vhd:1323]
INFO: [Synth 8-256] done synthesizing module 'dma_sys_rst_ps7_0_50M_0' (7#1) [d:/Developer/dma_sys/dma_sys.srcs/sources_1/bd/dma_sys/ip/dma_sys_rst_ps7_0_50M_0/synth/dma_sys_rst_ps7_0_50M_0.vhd:74]
Finished RTL Elaboration : Time (s): cpu = 00:00:11 ; elapsed = 00:00:13 . Memory (MB): peak = 435.758 ; gain = 137.977
Finished RTL Optimization Phase 1 : Time (s): cpu = 00:00:11 ; elapsed = 00:00:13 . Memory (MB): peak = 435.758 ; gain = 137.977
INFO: [Device 21-403] Loading part xc7z020clg484-1
Constraint Validation Runtime : Time (s): cpu = 00:00:00 ; elapsed = 00:00:00.019 . Memory (MB): peak = 768.352 ; gain = 0.000
Finished Constraint Validation : Time (s): cpu = 00:00:28 ; elapsed = 00:00:42 . Memory (MB): peak = 768.352 ; gain = 470.570
Finished Loading Part and Timing Information : Time (s): cpu = 00:00:28 ; elapsed = 00:00:42 . Memory (MB): peak = 768.352 ; gain = 470.570
Finished applying 'set_property' XDC Constraints : Time (s): cpu = 00:00:28 ; elapsed = 00:00:42 . Memory (MB): peak = 768.352 ; gain = 470.570
Finished RTL Optimization Phase 2 : Time (s): cpu = 00:00:28 ; elapsed = 00:00:42 . Memory (MB): peak = 768.352 ; gain = 470.570
Finished Cross Boundary and Area Optimization : Time (s): cpu = 00:00:29 ; elapsed = 00:00:43 . Memory (MB): peak = 768.352 ; gain = 470.570
Finished Applying XDC Timing Constraints : Time (s): cpu = 00:00:42 ; elapsed = 00:00:56 . Memory (MB): peak = 768.352 ; gain = 470.570
Finished Timing Optimization : Time (s): cpu = 00:00:42 ; elapsed = 00:00:56 . Memory (MB): peak = 768.352 ; gain = 470.570
Finished Technology Mapping : Time (s): cpu = 00:00:42 ; elapsed = 00:00:56 . Memory (MB): peak = 768.352 ; gain = 470.570
Finished IO Insertion : Time (s): cpu = 00:00:43 ; elapsed = 00:00:57 . Memory (MB): peak = 768.352 ; gain = 470.570
Finished Renaming Generated Instances : Time (s): cpu = 00:00:43 ; elapsed = 00:00:57 . Memory (MB): peak = 768.352 ; gain = 470.570
Finished Rebuilding User Hierarchy : Time (s): cpu = 00:00:43 ; elapsed = 00:00:57 . Memory (MB): peak = 768.352 ; gain = 470.570
Finished Renaming Generated Ports : Time (s): cpu = 00:00:43 ; elapsed = 00:00:57 . Memory (MB): peak = 768.352 ; gain = 470.570
Finished Handling Custom Attributes : Time (s): cpu = 00:00:43 ; elapsed = 00:00:57 . Memory (MB): peak = 768.352 ; gain = 470.570
Finished Renaming Generated Nets : Time (s): cpu = 00:00:43 ; elapsed = 00:00:57 . Memory (MB): peak = 768.352 ; gain = 470.570

Report Cell Usage: 
+------+------+------+
|      |Cell  |Count |
+------+------+------+
|1     |LUT1  |     5|
|2     |LUT2  |     9|
|3     |LUT3  |     1|
|4     |LUT4  |     6|
|5     |LUT5  |     3|
|6     |LUT6  |     1|
|7     |SRL16 |     1|
|8     |FDR   |     8|
|9     |FDRE  |    28|
|10    |FDSE  |     4|
+------+------+------+
Finished Writing Synthesis Report : Time (s): cpu = 00:00:43 ; elapsed = 00:00:57 . Memory (MB): peak = 768.352 ; gain = 470.570
synth_design: Time (s): cpu = 00:00:45 ; elapsed = 00:00:59 . Memory (MB): peak = 768.352 ; gain = 478.344
