
*** Running vivado
    with args -log dma_sys_processing_system7_0_0.vds -m64 -product Vivado -mode batch -messageDb vivado.pb -notrace -source dma_sys_processing_system7_0_0.tcl


****** Vivado v2017.3.1 (64-bit)
  **** SW Build 2035080 on Fri Oct 20 14:20:01 MDT 2017
  **** IP Build 2034413 on Fri Oct 20 15:56:25 MDT 2017
    ** Copyright 1986-2017 Xilinx, Inc. All Rights Reserved.

source dma_sys_processing_system7_0_0.tcl -notrace
Starting RTL Elaboration : Time (s): cpu = 00:00:10 ; elapsed = 00:00:10 . Memory (MB): peak = 402.926 ; gain = 97.020
INFO: [Synth 8-638] synthesizing module 'dma_sys_processing_system7_0_0' [d:/Developer/dma_sys/dma_sys.srcs/sources_1/bd/dma_sys/ip/dma_sys_processing_system7_0_0/synth/dma_sys_processing_system7_0_0.v:60]
INFO: [Synth 8-638] synthesizing module 'processing_system7_v5_5_processing_system7' [d:/Developer/dma_sys/dma_sys.srcs/sources_1/bd/dma_sys/ip/dma_sys_processing_system7_0_0/hdl/verilog/processing_system7_v5_5_processing_system7.v:162]
INFO: [Synth 8-638] synthesizing module 'BUFG' [C:/Xilinx/Vivado/2017.3/scripts/rt/data/unisim_comp.v:607]
INFO: [Synth 8-256] done synthesizing module 'BUFG' (1#1) [C:/Xilinx/Vivado/2017.3/scripts/rt/data/unisim_comp.v:607]
INFO: [Synth 8-638] synthesizing module 'BIBUF' [C:/Xilinx/Vivado/2017.3/scripts/rt/data/unisim_comp.v:268]
INFO: [Synth 8-256] done synthesizing module 'BIBUF' (2#1) [C:/Xilinx/Vivado/2017.3/scripts/rt/data/unisim_comp.v:268]
INFO: [Synth 8-638] synthesizing module 'PS7' [C:/Xilinx/Vivado/2017.3/scripts/rt/data/unisim_comp.v:40559]
INFO: [Synth 8-256] done synthesizing module 'PS7' (3#1) [C:/Xilinx/Vivado/2017.3/scripts/rt/data/unisim_comp.v:40559]
INFO: [Synth 8-256] done synthesizing module 'processing_system7_v5_5_processing_system7' (4#1) [d:/Developer/dma_sys/dma_sys.srcs/sources_1/bd/dma_sys/ip/dma_sys_processing_system7_0_0/hdl/verilog/processing_system7_v5_5_processing_system7.v:162]
INFO: [Synth 8-256] done synthesizing module 'dma_sys_processing_system7_0_0' (5#1) [d:/Developer/dma_sys/dma_sys.srcs/sources_1/bd/dma_sys/ip/dma_sys_processing_system7_0_0/synth/dma_sys_processing_system7_0_0.v:60]
Finished RTL Elaboration : Time (s): cpu = 00:00:12 ; elapsed = 00:00:12 . Memory (MB): peak = 446.387 ; gain = 140.480
Finished RTL Optimization Phase 1 : Time (s): cpu = 00:00:12 ; elapsed = 00:00:12 . Memory (MB): peak = 446.387 ; gain = 140.480
INFO: [Device 21-403] Loading part xc7z020clg484-1
Constraint Validation Runtime : Time (s): cpu = 00:00:00 ; elapsed = 00:00:00.042 . Memory (MB): peak = 700.648 ; gain = 0.000
Finished Constraint Validation : Time (s): cpu = 00:00:30 ; elapsed = 00:00:43 . Memory (MB): peak = 700.648 ; gain = 394.742
Finished Loading Part and Timing Information : Time (s): cpu = 00:00:30 ; elapsed = 00:00:43 . Memory (MB): peak = 700.648 ; gain = 394.742
Finished applying 'set_property' XDC Constraints : Time (s): cpu = 00:00:30 ; elapsed = 00:00:43 . Memory (MB): peak = 700.648 ; gain = 394.742
Finished RTL Optimization Phase 2 : Time (s): cpu = 00:00:31 ; elapsed = 00:00:44 . Memory (MB): peak = 700.648 ; gain = 394.742
Finished Cross Boundary and Area Optimization : Time (s): cpu = 00:00:32 ; elapsed = 00:00:45 . Memory (MB): peak = 700.648 ; gain = 394.742
Finished Applying XDC Timing Constraints : Time (s): cpu = 00:00:45 ; elapsed = 00:00:58 . Memory (MB): peak = 909.406 ; gain = 603.500
Finished Timing Optimization : Time (s): cpu = 00:00:45 ; elapsed = 00:00:58 . Memory (MB): peak = 925.500 ; gain = 619.594
Finished Technology Mapping : Time (s): cpu = 00:00:46 ; elapsed = 00:00:59 . Memory (MB): peak = 927.563 ; gain = 621.656
Finished IO Insertion : Time (s): cpu = 00:00:48 ; elapsed = 00:01:01 . Memory (MB): peak = 927.563 ; gain = 621.656
Finished Renaming Generated Instances : Time (s): cpu = 00:00:48 ; elapsed = 00:01:01 . Memory (MB): peak = 927.563 ; gain = 621.656
Finished Rebuilding User Hierarchy : Time (s): cpu = 00:00:48 ; elapsed = 00:01:01 . Memory (MB): peak = 927.563 ; gain = 621.656
Finished Renaming Generated Ports : Time (s): cpu = 00:00:48 ; elapsed = 00:01:01 . Memory (MB): peak = 927.563 ; gain = 621.656
Finished Handling Custom Attributes : Time (s): cpu = 00:00:48 ; elapsed = 00:01:01 . Memory (MB): peak = 927.563 ; gain = 621.656
Finished Renaming Generated Nets : Time (s): cpu = 00:00:48 ; elapsed = 00:01:01 . Memory (MB): peak = 927.563 ; gain = 621.656

Report Cell Usage: 
+------+------+------+
|      |Cell  |Count |
+------+------+------+
|1     |BIBUF |   130|
|2     |BUFG  |     1|
|3     |LUT1  |   112|
|4     |PS7   |     1|
+------+------+------+
Finished Writing Synthesis Report : Time (s): cpu = 00:00:48 ; elapsed = 00:01:01 . Memory (MB): peak = 927.563 ; gain = 621.656
synth_design: Time (s): cpu = 00:00:49 ; elapsed = 00:01:03 . Memory (MB): peak = 943.094 ; gain = 644.449
