01:27:07 INFO  : Registering command handlers for SDK TCF services
01:27:07 INFO  : Launching XSCT server: xsct.bat -interactive D:\Developer\dma_sys\dma_sys.sdk\temp_xsdb_launch_script.tcl
01:27:10 INFO  : XSCT server has started successfully.
01:27:13 INFO  : Processing command line option -hwspec D:/Developer/dma_sys/dma_sys.sdk/dma_sys_wrapper.hdf.
01:27:13 INFO  : Successfully done setting XSCT server connection channel  
01:27:13 INFO  : Successfully done setting SDK workspace  
02:03:31 INFO  : Launching XSCT server: xsct.bat -interactive D:\Developer\dma_sys\dma_sys.sdk\temp_xsdb_launch_script.tcl
02:03:33 INFO  : XSCT server has started successfully.
02:03:33 INFO  : Successfully done setting XSCT server connection channel  
02:03:33 INFO  : Successfully done setting SDK workspace  
02:03:39 INFO  : Registering command handlers for SDK TCF services
02:03:39 INFO  : Processing command line option -hwspec D:/Developer/dma_sys/dma_sys.sdk/dma_sys_wrapper.hdf.
02:03:40 INFO  : Checking for hwspec changes in the project dma_sys_wrapper_hw_platform_0.
02:03:40 INFO  : SDK has detected change in the last modified timestamps for source hardware specification file Source:1593186310351,  Project:1593185152064
02:03:40 INFO  : The hardware specification for project 'dma_sys_wrapper_hw_platform_0' is different from D:/Developer/dma_sys/dma_sys.sdk/dma_sys_wrapper.hdf.
02:03:40 INFO  : Copied contents of D:/Developer/dma_sys/dma_sys.sdk/dma_sys_wrapper.hdf into \dma_sys_wrapper_hw_platform_0\system.hdf.
02:03:46 INFO  : Synchronizing projects in the workspace with the hardware platform specification changes.
02:03:49 INFO  : 
02:03:51 INFO  : Updating hardware inferred compiler options for dmaTest.
02:03:51 INFO  : Clearing existing target manager status.
02:03:51 WARN  : Given IPC port value is invalid. Using default port 2350
02:03:51 WARN  : Given XMD timeout value is invalid. Using default value of 50000
02:03:53 WARN  : Given XMD transaction timeout value is invalid. Using default value of 60000 milli seconds
02:03:53 INFO  : Closing and re-opening the MSS file of ther project dmaTest_bsp
02:03:56 INFO  : Workspace synchronized with the new hardware specification file. Cleaning dependent projects...
02:03:58 WARN  : Linker script will not be updated automatically. Users need to update it manually.
02:04:19 INFO  : Connected to target on host '127.0.0.1' and port '3121'.
02:04:20 INFO  : 'targets -set -filter {jtag_cable_name =~ "Digilent Zed 210248585104" && level==0} -index 1' command is executed.
02:04:22 INFO  : FPGA configured successfully with bitstream "D:/Developer/dma_sys/dma_sys.sdk/dma_sys_wrapper_hw_platform_0/dma_sys_wrapper.bit"
02:04:52 INFO  : 'targets -set -filter {jtag_cable_name =~ "Digilent Zed 210248585104" && level==0} -index 1' command is executed.
02:04:52 INFO  : 'fpga -state' command is executed.
02:04:52 INFO  : Connected to target on host '127.0.0.1' and port '3121'.
02:04:52 INFO  : Jtag cable 'Digilent Zed 210248585104' is selected.
02:04:52 INFO  : 'jtag frequency' command is executed.
02:04:52 INFO  : Sourcing of 'D:/Developer/dma_sys/dma_sys.sdk/dma_sys_wrapper_hw_platform_0/ps7_init.tcl' is done.
02:04:52 INFO  : Context for 'APU' is selected.
02:04:52 INFO  : Hardware design information is loaded from 'D:/Developer/dma_sys/dma_sys.sdk/dma_sys_wrapper_hw_platform_0/system.hdf'.
02:04:52 INFO  : 'configparams force-mem-access 1' command is executed.
02:04:52 INFO  : Context for 'APU' is selected.
02:04:52 INFO  : 'stop' command is executed.
02:04:53 INFO  : 'ps7_init' command is executed.
02:04:53 INFO  : 'ps7_post_config' command is executed.
02:04:53 INFO  : Context for processor 'ps7_cortexa9_0' is selected.
02:04:53 INFO  : Processor reset is completed for 'ps7_cortexa9_0'.
02:04:53 INFO  : Context for processor 'ps7_cortexa9_0' is selected.
02:04:53 INFO  : The application 'D:/Developer/dma_sys/dma_sys.sdk/dmaTest/Debug/dmaTest.elf' is downloaded to processor 'ps7_cortexa9_0'.
02:04:53 INFO  : 'configparams force-mem-access 0' command is executed.
02:04:53 INFO  : ----------------XSDB Script----------------
connect -url tcp:127.0.0.1:3121
source D:/Developer/dma_sys/dma_sys.sdk/dma_sys_wrapper_hw_platform_0/ps7_init.tcl
targets -set -nocase -filter {name =~"APU*" && jtag_cable_name =~ "Digilent Zed 210248585104"} -index 0
loadhw -hw D:/Developer/dma_sys/dma_sys.sdk/dma_sys_wrapper_hw_platform_0/system.hdf -mem-ranges [list {0x40000000 0xbfffffff}]
configparams force-mem-access 1
targets -set -nocase -filter {name =~"APU*" && jtag_cable_name =~ "Digilent Zed 210248585104"} -index 0
stop
ps7_init
ps7_post_config
targets -set -nocase -filter {name =~ "ARM*#0" && jtag_cable_name =~ "Digilent Zed 210248585104"} -index 0
rst -processor
targets -set -nocase -filter {name =~ "ARM*#0" && jtag_cable_name =~ "Digilent Zed 210248585104"} -index 0
dow D:/Developer/dma_sys/dma_sys.sdk/dmaTest/Debug/dmaTest.elf
configparams force-mem-access 0
----------------End of Script----------------

02:04:53 INFO  : Memory regions updated for context APU
02:04:53 INFO  : Context for processor 'ps7_cortexa9_0' is selected.
02:04:53 INFO  : 'con' command is executed.
02:04:53 INFO  : ----------------XSDB Script (After Launch)----------------
targets -set -nocase -filter {name =~ "ARM*#0" && jtag_cable_name =~ "Digilent Zed 210248585104"} -index 0
con
----------------End of Script----------------

02:04:53 INFO  : Launch script is exported to file 'D:\Developer\dma_sys\dma_sys.sdk\.sdk\launch_scripts\xilinx_c-c++_application_(system_debugger)\system_debugger_on_local.tcl'
02:05:37 INFO  : Disconnected from the channel tcfchan#1.
02:05:38 INFO  : 'targets -set -filter {jtag_cable_name =~ "Digilent Zed 210248585104" && level==0} -index 1' command is executed.
02:05:38 INFO  : 'fpga -state' command is executed.
02:05:38 INFO  : Connected to target on host '127.0.0.1' and port '3121'.
02:05:39 INFO  : Jtag cable 'Digilent Zed 210248585104' is selected.
02:05:39 INFO  : 'jtag frequency' command is executed.
02:05:39 INFO  : Sourcing of 'D:/Developer/dma_sys/dma_sys.sdk/dma_sys_wrapper_hw_platform_0/ps7_init.tcl' is done.
02:05:39 INFO  : Context for 'APU' is selected.
02:05:42 INFO  : Hardware design information is loaded from 'D:/Developer/dma_sys/dma_sys.sdk/dma_sys_wrapper_hw_platform_0/system.hdf'.
02:05:42 INFO  : 'configparams force-mem-access 1' command is executed.
02:05:42 INFO  : Context for 'APU' is selected.
02:05:42 INFO  : 'stop' command is executed.
02:05:42 INFO  : 'ps7_init' command is executed.
02:05:42 INFO  : 'ps7_post_config' command is executed.
02:05:42 INFO  : Context for processor 'ps7_cortexa9_0' is selected.
02:05:42 INFO  : Processor reset is completed for 'ps7_cortexa9_0'.
02:05:42 INFO  : Context for processor 'ps7_cortexa9_0' is selected.
02:05:43 INFO  : The application 'D:/Developer/dma_sys/dma_sys.sdk/dmaTest/Debug/dmaTest.elf' is downloaded to processor 'ps7_cortexa9_0'.
02:05:43 INFO  : 'configparams force-mem-access 0' command is executed.
02:05:43 INFO  : ----------------XSDB Script----------------
connect -url tcp:127.0.0.1:3121
source D:/Developer/dma_sys/dma_sys.sdk/dma_sys_wrapper_hw_platform_0/ps7_init.tcl
targets -set -nocase -filter {name =~"APU*" && jtag_cable_name =~ "Digilent Zed 210248585104"} -index 0
loadhw -hw D:/Developer/dma_sys/dma_sys.sdk/dma_sys_wrapper_hw_platform_0/system.hdf -mem-ranges [list {0x40000000 0xbfffffff}]
configparams force-mem-access 1
targets -set -nocase -filter {name =~"APU*" && jtag_cable_name =~ "Digilent Zed 210248585104"} -index 0
stop
ps7_init
ps7_post_config
targets -set -nocase -filter {name =~ "ARM*#0" && jtag_cable_name =~ "Digilent Zed 210248585104"} -index 0
rst -processor
targets -set -nocase -filter {name =~ "ARM*#0" && jtag_cable_name =~ "Digilent Zed 210248585104"} -index 0
dow D:/Developer/dma_sys/dma_sys.sdk/dmaTest/Debug/dmaTest.elf
configparams force-mem-access 0
----------------End of Script----------------

02:05:43 INFO  : Memory regions updated for context APU
02:05:43 INFO  : Context for processor 'ps7_cortexa9_0' is selected.
02:05:43 INFO  : 'con' command is executed.
02:05:43 INFO  : ----------------XSDB Script (After Launch)----------------
targets -set -nocase -filter {name =~ "ARM*#0" && jtag_cable_name =~ "Digilent Zed 210248585104"} -index 0
con
----------------End of Script----------------

02:05:43 INFO  : Launch script is exported to file 'D:\Developer\dma_sys\dma_sys.sdk\.sdk\launch_scripts\xilinx_c-c++_application_(system_debugger)\system_debugger_on_local.tcl'
02:06:36 INFO  : Disconnected from the channel tcfchan#2.
02:06:41 ERROR : Unexpected error while parsing XMD response ?: com.google.gson.JsonSyntaxException: com.google.gson.stream.MalformedJsonException: invalid number or unquoted string near 
15:51:15 INFO  : Registering command handlers for SDK TCF services
15:51:15 INFO  : Launching XSCT server: xsct.bat -interactive D:\Developer\dma_sys\dma_sys.sdk\temp_xsdb_launch_script.tcl
15:51:18 INFO  : XSCT server has started successfully.
15:51:21 INFO  : Processing command line option -hwspec D:/Developer/dma_sys/dma_sys.sdk/dma_sys_wrapper.hdf.
15:51:21 INFO  : Successfully done setting XSCT server connection channel  
15:51:21 INFO  : Successfully done setting SDK workspace  
15:51:22 INFO  : Checking for hwspec changes in the project dma_sys_wrapper_hw_platform_0.
15:51:27 INFO  : SDK has detected change in the last modified timestamps for source hardware specification file Source:1593234821001,  Project:1593186310351
15:51:27 INFO  : The hardware specification for project 'dma_sys_wrapper_hw_platform_0' is different from D:/Developer/dma_sys/dma_sys.sdk/dma_sys_wrapper.hdf.
15:51:27 INFO  : Copied contents of D:/Developer/dma_sys/dma_sys.sdk/dma_sys_wrapper.hdf into \dma_sys_wrapper_hw_platform_0\system.hdf.
15:51:33 INFO  : Synchronizing projects in the workspace with the hardware platform specification changes.
15:51:38 INFO  : 
15:51:39 INFO  : Updating hardware inferred compiler options for dmaTest.
15:51:39 INFO  : Clearing existing target manager status.
15:51:39 WARN  : Given IPC port value is invalid. Using default port 2350
15:51:39 WARN  : Given XMD timeout value is invalid. Using default value of 50000
15:51:41 WARN  : Given XMD transaction timeout value is invalid. Using default value of 60000 milli seconds
16:02:49 INFO  : Connected to target on host '127.0.0.1' and port '3121'.
16:02:49 INFO  : 'targets -set -filter {jtag_cable_name =~ "Digilent Zed 210248585104" && level==0} -index 1' command is executed.
16:02:51 INFO  : FPGA configured successfully with bitstream "D:/Developer/dma_sys/dma_sys.sdk/dma_sys_wrapper_hw_platform_0/dma_sys_wrapper.bit"
16:02:56 INFO  : 'targets -set -filter {jtag_cable_name =~ "Digilent Zed 210248585104" && level==0} -index 1' command is executed.
16:02:56 INFO  : 'fpga -state' command is executed.
16:02:56 INFO  : Connected to target on host '127.0.0.1' and port '3121'.
16:02:57 INFO  : Jtag cable 'Digilent Zed 210248585104' is selected.
16:02:57 INFO  : 'jtag frequency' command is executed.
16:02:57 INFO  : Sourcing of 'D:/Developer/dma_sys/dma_sys.sdk/dma_sys_wrapper_hw_platform_0/ps7_init.tcl' is done.
16:02:57 INFO  : Context for 'APU' is selected.
16:02:57 INFO  : Hardware design information is loaded from 'D:/Developer/dma_sys/dma_sys.sdk/dma_sys_wrapper_hw_platform_0/system.hdf'.
16:02:57 INFO  : 'configparams force-mem-access 1' command is executed.
16:02:57 INFO  : Context for 'APU' is selected.
16:02:57 INFO  : 'stop' command is executed.
16:02:58 INFO  : 'ps7_init' command is executed.
16:02:58 INFO  : 'ps7_post_config' command is executed.
16:02:58 INFO  : Context for processor 'ps7_cortexa9_0' is selected.
16:02:58 INFO  : Processor reset is completed for 'ps7_cortexa9_0'.
16:02:58 INFO  : Context for processor 'ps7_cortexa9_0' is selected.
16:02:58 INFO  : The application 'D:/Developer/dma_sys/dma_sys.sdk/dmaTest/Debug/dmaTest.elf' is downloaded to processor 'ps7_cortexa9_0'.
16:02:58 INFO  : 'configparams force-mem-access 0' command is executed.
16:02:58 INFO  : ----------------XSDB Script----------------
connect -url tcp:127.0.0.1:3121
source D:/Developer/dma_sys/dma_sys.sdk/dma_sys_wrapper_hw_platform_0/ps7_init.tcl
targets -set -nocase -filter {name =~"APU*" && jtag_cable_name =~ "Digilent Zed 210248585104"} -index 0
loadhw -hw D:/Developer/dma_sys/dma_sys.sdk/dma_sys_wrapper_hw_platform_0/system.hdf -mem-ranges [list {0x40000000 0xbfffffff}]
configparams force-mem-access 1
targets -set -nocase -filter {name =~"APU*" && jtag_cable_name =~ "Digilent Zed 210248585104"} -index 0
stop
ps7_init
ps7_post_config
targets -set -nocase -filter {name =~ "ARM*#0" && jtag_cable_name =~ "Digilent Zed 210248585104"} -index 0
rst -processor
targets -set -nocase -filter {name =~ "ARM*#0" && jtag_cable_name =~ "Digilent Zed 210248585104"} -index 0
dow D:/Developer/dma_sys/dma_sys.sdk/dmaTest/Debug/dmaTest.elf
configparams force-mem-access 0
----------------End of Script----------------

16:02:58 INFO  : Memory regions updated for context APU
16:02:58 INFO  : Context for processor 'ps7_cortexa9_0' is selected.
16:02:58 INFO  : 'con' command is executed.
16:02:58 INFO  : ----------------XSDB Script (After Launch)----------------
targets -set -nocase -filter {name =~ "ARM*#0" && jtag_cable_name =~ "Digilent Zed 210248585104"} -index 0
con
----------------End of Script----------------

16:02:58 INFO  : Launch script is exported to file 'D:\Developer\dma_sys\dma_sys.sdk\.sdk\launch_scripts\xilinx_c-c++_application_(system_debugger)\system_debugger_on_local.tcl'
16:03:26 INFO  : Disconnected from the channel tcfchan#1.
16:03:27 INFO  : 'targets -set -filter {jtag_cable_name =~ "Digilent Zed 210248585104" && level==0} -index 1' command is executed.
16:03:27 INFO  : 'fpga -state' command is executed.
16:03:27 INFO  : Connected to target on host '127.0.0.1' and port '3121'.
16:03:28 INFO  : Jtag cable 'Digilent Zed 210248585104' is selected.
16:03:28 INFO  : 'jtag frequency' command is executed.
16:03:28 INFO  : Sourcing of 'D:/Developer/dma_sys/dma_sys.sdk/dma_sys_wrapper_hw_platform_0/ps7_init.tcl' is done.
16:03:28 INFO  : Context for 'APU' is selected.
16:03:31 INFO  : Hardware design information is loaded from 'D:/Developer/dma_sys/dma_sys.sdk/dma_sys_wrapper_hw_platform_0/system.hdf'.
16:03:31 INFO  : 'configparams force-mem-access 1' command is executed.
16:03:31 INFO  : Context for 'APU' is selected.
16:03:31 INFO  : 'stop' command is executed.
16:03:32 INFO  : 'ps7_init' command is executed.
16:03:32 INFO  : 'ps7_post_config' command is executed.
16:03:32 INFO  : Context for processor 'ps7_cortexa9_0' is selected.
16:03:32 INFO  : Processor reset is completed for 'ps7_cortexa9_0'.
16:03:32 INFO  : Context for processor 'ps7_cortexa9_0' is selected.
16:03:32 INFO  : The application 'D:/Developer/dma_sys/dma_sys.sdk/dmaTest/Debug/dmaTest.elf' is downloaded to processor 'ps7_cortexa9_0'.
16:03:32 INFO  : 'configparams force-mem-access 0' command is executed.
16:03:32 INFO  : ----------------XSDB Script----------------
connect -url tcp:127.0.0.1:3121
source D:/Developer/dma_sys/dma_sys.sdk/dma_sys_wrapper_hw_platform_0/ps7_init.tcl
targets -set -nocase -filter {name =~"APU*" && jtag_cable_name =~ "Digilent Zed 210248585104"} -index 0
loadhw -hw D:/Developer/dma_sys/dma_sys.sdk/dma_sys_wrapper_hw_platform_0/system.hdf -mem-ranges [list {0x40000000 0xbfffffff}]
configparams force-mem-access 1
targets -set -nocase -filter {name =~"APU*" && jtag_cable_name =~ "Digilent Zed 210248585104"} -index 0
stop
ps7_init
ps7_post_config
targets -set -nocase -filter {name =~ "ARM*#0" && jtag_cable_name =~ "Digilent Zed 210248585104"} -index 0
rst -processor
targets -set -nocase -filter {name =~ "ARM*#0" && jtag_cable_name =~ "Digilent Zed 210248585104"} -index 0
dow D:/Developer/dma_sys/dma_sys.sdk/dmaTest/Debug/dmaTest.elf
configparams force-mem-access 0
----------------End of Script----------------

16:03:32 INFO  : Memory regions updated for context APU
16:03:32 INFO  : Context for processor 'ps7_cortexa9_0' is selected.
16:03:32 INFO  : 'con' command is executed.
16:03:32 INFO  : ----------------XSDB Script (After Launch)----------------
targets -set -nocase -filter {name =~ "ARM*#0" && jtag_cable_name =~ "Digilent Zed 210248585104"} -index 0
con
----------------End of Script----------------

16:03:32 INFO  : Launch script is exported to file 'D:\Developer\dma_sys\dma_sys.sdk\.sdk\launch_scripts\xilinx_c-c++_application_(system_debugger)\system_debugger_on_local.tcl'
16:06:42 INFO  : Disconnected from the channel tcfchan#2.
16:06:43 INFO  : 'targets -set -filter {jtag_cable_name =~ "Digilent Zed 210248585104" && level==0} -index 1' command is executed.
16:06:43 INFO  : 'fpga -state' command is executed.
16:06:43 INFO  : Connected to target on host '127.0.0.1' and port '3121'.
16:06:44 INFO  : Jtag cable 'Digilent Zed 210248585104' is selected.
16:06:44 INFO  : 'jtag frequency' command is executed.
16:06:44 INFO  : Sourcing of 'D:/Developer/dma_sys/dma_sys.sdk/dma_sys_wrapper_hw_platform_0/ps7_init.tcl' is done.
16:06:44 INFO  : Context for 'APU' is selected.
16:06:44 INFO  : Hardware design information is loaded from 'D:/Developer/dma_sys/dma_sys.sdk/dma_sys_wrapper_hw_platform_0/system.hdf'.
16:06:44 INFO  : 'configparams force-mem-access 1' command is executed.
16:06:44 INFO  : Context for 'APU' is selected.
16:06:44 INFO  : 'stop' command is executed.
16:06:45 INFO  : 'ps7_init' command is executed.
16:06:45 INFO  : 'ps7_post_config' command is executed.
16:06:45 INFO  : Context for processor 'ps7_cortexa9_0' is selected.
16:06:45 INFO  : Processor reset is completed for 'ps7_cortexa9_0'.
16:06:45 INFO  : Context for processor 'ps7_cortexa9_0' is selected.
16:06:45 INFO  : The application 'D:/Developer/dma_sys/dma_sys.sdk/dmaTest/Debug/dmaTest.elf' is downloaded to processor 'ps7_cortexa9_0'.
16:06:45 INFO  : 'configparams force-mem-access 0' command is executed.
16:06:45 INFO  : ----------------XSDB Script----------------
connect -url tcp:127.0.0.1:3121
source D:/Developer/dma_sys/dma_sys.sdk/dma_sys_wrapper_hw_platform_0/ps7_init.tcl
targets -set -nocase -filter {name =~"APU*" && jtag_cable_name =~ "Digilent Zed 210248585104"} -index 0
loadhw -hw D:/Developer/dma_sys/dma_sys.sdk/dma_sys_wrapper_hw_platform_0/system.hdf -mem-ranges [list {0x40000000 0xbfffffff}]
configparams force-mem-access 1
targets -set -nocase -filter {name =~"APU*" && jtag_cable_name =~ "Digilent Zed 210248585104"} -index 0
stop
ps7_init
ps7_post_config
targets -set -nocase -filter {name =~ "ARM*#0" && jtag_cable_name =~ "Digilent Zed 210248585104"} -index 0
rst -processor
targets -set -nocase -filter {name =~ "ARM*#0" && jtag_cable_name =~ "Digilent Zed 210248585104"} -index 0
dow D:/Developer/dma_sys/dma_sys.sdk/dmaTest/Debug/dmaTest.elf
configparams force-mem-access 0
----------------End of Script----------------

16:06:45 INFO  : Memory regions updated for context APU
16:06:45 INFO  : Context for processor 'ps7_cortexa9_0' is selected.
16:06:45 INFO  : 'con' command is executed.
16:06:45 INFO  : ----------------XSDB Script (After Launch)----------------
targets -set -nocase -filter {name =~ "ARM*#0" && jtag_cable_name =~ "Digilent Zed 210248585104"} -index 0
con
----------------End of Script----------------

16:06:45 INFO  : Launch script is exported to file 'D:\Developer\dma_sys\dma_sys.sdk\.sdk\launch_scripts\xilinx_c-c++_application_(system_debugger)\system_debugger_on_local.tcl'
