
*** Running vivado
    with args -log dma_sys_auto_pc_0.vds -m64 -product Vivado -mode batch -messageDb vivado.pb -notrace -source dma_sys_auto_pc_0.tcl


****** Vivado v2017.3.1 (64-bit)
  **** SW Build 2035080 on Fri Oct 20 14:20:01 MDT 2017
  **** IP Build 2034413 on Fri Oct 20 15:56:25 MDT 2017
    ** Copyright 1986-2017 Xilinx, Inc. All Rights Reserved.

source dma_sys_auto_pc_0.tcl -notrace
Starting RTL Elaboration : Time (s): cpu = 00:00:14 ; elapsed = 00:00:15 . Memory (MB): peak = 399.570 ; gain = 99.090
INFO: [Synth 8-638] synthesizing module 'dma_sys_auto_pc_0' [d:/Developer/dma_sys/dma_sys.srcs/sources_1/bd/dma_sys/ip/dma_sys_auto_pc_0/synth/dma_sys_auto_pc_0.v:58]
INFO: [Synth 8-638] synthesizing module 'axi_protocol_converter_v2_1_14_axi_protocol_converter' [d:/Developer/dma_sys/dma_sys.srcs/sources_1/bd/dma_sys/ipshared/33cc/hdl/axi_protocol_converter_v2_1_vl_rfs.v:4811]
INFO: [Synth 8-638] synthesizing module 'axi_protocol_converter_v2_1_14_b2s' [d:/Developer/dma_sys/dma_sys.srcs/sources_1/bd/dma_sys/ipshared/33cc/hdl/axi_protocol_converter_v2_1_vl_rfs.v:4229]
INFO: [Synth 8-638] synthesizing module 'axi_protocol_converter_v2_1_14_b2s_aw_channel' [d:/Developer/dma_sys/dma_sys.srcs/sources_1/bd/dma_sys/ipshared/33cc/hdl/axi_protocol_converter_v2_1_vl_rfs.v:3974]
INFO: [Synth 8-638] synthesizing module 'axi_protocol_converter_v2_1_14_b2s_cmd_translator' [d:/Developer/dma_sys/dma_sys.srcs/sources_1/bd/dma_sys/ipshared/33cc/hdl/axi_protocol_converter_v2_1_vl_rfs.v:3467]
INFO: [Synth 8-638] synthesizing module 'axi_protocol_converter_v2_1_14_b2s_incr_cmd' [d:/Developer/dma_sys/dma_sys.srcs/sources_1/bd/dma_sys/ipshared/33cc/hdl/axi_protocol_converter_v2_1_vl_rfs.v:3093]
INFO: [Synth 8-256] done synthesizing module 'axi_protocol_converter_v2_1_14_b2s_incr_cmd' (1#1) [d:/Developer/dma_sys/dma_sys.srcs/sources_1/bd/dma_sys/ipshared/33cc/hdl/axi_protocol_converter_v2_1_vl_rfs.v:3093]
INFO: [Synth 8-638] synthesizing module 'axi_protocol_converter_v2_1_14_b2s_wrap_cmd' [d:/Developer/dma_sys/dma_sys.srcs/sources_1/bd/dma_sys/ipshared/33cc/hdl/axi_protocol_converter_v2_1_vl_rfs.v:2903]
INFO: [Synth 8-256] done synthesizing module 'axi_protocol_converter_v2_1_14_b2s_wrap_cmd' (2#1) [d:/Developer/dma_sys/dma_sys.srcs/sources_1/bd/dma_sys/ipshared/33cc/hdl/axi_protocol_converter_v2_1_vl_rfs.v:2903]
INFO: [Synth 8-256] done synthesizing module 'axi_protocol_converter_v2_1_14_b2s_cmd_translator' (3#1) [d:/Developer/dma_sys/dma_sys.srcs/sources_1/bd/dma_sys/ipshared/33cc/hdl/axi_protocol_converter_v2_1_vl_rfs.v:3467]
INFO: [Synth 8-638] synthesizing module 'axi_protocol_converter_v2_1_14_b2s_wr_cmd_fsm' [d:/Developer/dma_sys/dma_sys.srcs/sources_1/bd/dma_sys/ipshared/33cc/hdl/axi_protocol_converter_v2_1_vl_rfs.v:3225]
INFO: [Synth 8-256] done synthesizing module 'axi_protocol_converter_v2_1_14_b2s_wr_cmd_fsm' (4#1) [d:/Developer/dma_sys/dma_sys.srcs/sources_1/bd/dma_sys/ipshared/33cc/hdl/axi_protocol_converter_v2_1_vl_rfs.v:3225]
INFO: [Synth 8-256] done synthesizing module 'axi_protocol_converter_v2_1_14_b2s_aw_channel' (5#1) [d:/Developer/dma_sys/dma_sys.srcs/sources_1/bd/dma_sys/ipshared/33cc/hdl/axi_protocol_converter_v2_1_vl_rfs.v:3974]
INFO: [Synth 8-638] synthesizing module 'axi_protocol_converter_v2_1_14_b2s_b_channel' [d:/Developer/dma_sys/dma_sys.srcs/sources_1/bd/dma_sys/ipshared/33cc/hdl/axi_protocol_converter_v2_1_vl_rfs.v:3609]
INFO: [Synth 8-638] synthesizing module 'axi_protocol_converter_v2_1_14_b2s_simple_fifo' [d:/Developer/dma_sys/dma_sys.srcs/sources_1/bd/dma_sys/ipshared/33cc/hdl/axi_protocol_converter_v2_1_vl_rfs.v:2816]
INFO: [Synth 8-256] done synthesizing module 'axi_protocol_converter_v2_1_14_b2s_simple_fifo' (6#1) [d:/Developer/dma_sys/dma_sys.srcs/sources_1/bd/dma_sys/ipshared/33cc/hdl/axi_protocol_converter_v2_1_vl_rfs.v:2816]
INFO: [Synth 8-638] synthesizing module 'axi_protocol_converter_v2_1_14_b2s_simple_fifo__parameterized0' [d:/Developer/dma_sys/dma_sys.srcs/sources_1/bd/dma_sys/ipshared/33cc/hdl/axi_protocol_converter_v2_1_vl_rfs.v:2816]
INFO: [Synth 8-256] done synthesizing module 'axi_protocol_converter_v2_1_14_b2s_simple_fifo__parameterized0' (6#1) [d:/Developer/dma_sys/dma_sys.srcs/sources_1/bd/dma_sys/ipshared/33cc/hdl/axi_protocol_converter_v2_1_vl_rfs.v:2816]
INFO: [Synth 8-256] done synthesizing module 'axi_protocol_converter_v2_1_14_b2s_b_channel' (7#1) [d:/Developer/dma_sys/dma_sys.srcs/sources_1/bd/dma_sys/ipshared/33cc/hdl/axi_protocol_converter_v2_1_vl_rfs.v:3609]
INFO: [Synth 8-638] synthesizing module 'axi_protocol_converter_v2_1_14_b2s_ar_channel' [d:/Developer/dma_sys/dma_sys.srcs/sources_1/bd/dma_sys/ipshared/33cc/hdl/axi_protocol_converter_v2_1_vl_rfs.v:4085]
INFO: [Synth 8-638] synthesizing module 'axi_protocol_converter_v2_1_14_b2s_rd_cmd_fsm' [d:/Developer/dma_sys/dma_sys.srcs/sources_1/bd/dma_sys/ipshared/33cc/hdl/axi_protocol_converter_v2_1_vl_rfs.v:3336]
INFO: [Synth 8-256] done synthesizing module 'axi_protocol_converter_v2_1_14_b2s_rd_cmd_fsm' (8#1) [d:/Developer/dma_sys/dma_sys.srcs/sources_1/bd/dma_sys/ipshared/33cc/hdl/axi_protocol_converter_v2_1_vl_rfs.v:3336]
INFO: [Synth 8-256] done synthesizing module 'axi_protocol_converter_v2_1_14_b2s_ar_channel' (9#1) [d:/Developer/dma_sys/dma_sys.srcs/sources_1/bd/dma_sys/ipshared/33cc/hdl/axi_protocol_converter_v2_1_vl_rfs.v:4085]
INFO: [Synth 8-638] synthesizing module 'axi_protocol_converter_v2_1_14_b2s_r_channel' [d:/Developer/dma_sys/dma_sys.srcs/sources_1/bd/dma_sys/ipshared/33cc/hdl/axi_protocol_converter_v2_1_vl_rfs.v:3814]
INFO: [Synth 8-638] synthesizing module 'axi_protocol_converter_v2_1_14_b2s_simple_fifo__parameterized1' [d:/Developer/dma_sys/dma_sys.srcs/sources_1/bd/dma_sys/ipshared/33cc/hdl/axi_protocol_converter_v2_1_vl_rfs.v:2816]
INFO: [Synth 8-256] done synthesizing module 'axi_protocol_converter_v2_1_14_b2s_simple_fifo__parameterized1' (9#1) [d:/Developer/dma_sys/dma_sys.srcs/sources_1/bd/dma_sys/ipshared/33cc/hdl/axi_protocol_converter_v2_1_vl_rfs.v:2816]
INFO: [Synth 8-638] synthesizing module 'axi_protocol_converter_v2_1_14_b2s_simple_fifo__parameterized2' [d:/Developer/dma_sys/dma_sys.srcs/sources_1/bd/dma_sys/ipshared/33cc/hdl/axi_protocol_converter_v2_1_vl_rfs.v:2816]
INFO: [Synth 8-256] done synthesizing module 'axi_protocol_converter_v2_1_14_b2s_simple_fifo__parameterized2' (9#1) [d:/Developer/dma_sys/dma_sys.srcs/sources_1/bd/dma_sys/ipshared/33cc/hdl/axi_protocol_converter_v2_1_vl_rfs.v:2816]
INFO: [Synth 8-256] done synthesizing module 'axi_protocol_converter_v2_1_14_b2s_r_channel' (10#1) [d:/Developer/dma_sys/dma_sys.srcs/sources_1/bd/dma_sys/ipshared/33cc/hdl/axi_protocol_converter_v2_1_vl_rfs.v:3814]
INFO: [Synth 8-638] synthesizing module 'axi_register_slice_v2_1_14_axi_register_slice' [d:/Developer/dma_sys/dma_sys.srcs/sources_1/bd/dma_sys/ipshared/a259/hdl/axi_register_slice_v2_1_vl_rfs.v:1284]
INFO: [Synth 8-638] synthesizing module 'axi_register_slice_v2_1_14_axic_register_slice' [d:/Developer/dma_sys/dma_sys.srcs/sources_1/bd/dma_sys/ipshared/a259/hdl/axi_register_slice_v2_1_vl_rfs.v:189]
INFO: [Synth 8-256] done synthesizing module 'axi_register_slice_v2_1_14_axic_register_slice' (11#1) [d:/Developer/dma_sys/dma_sys.srcs/sources_1/bd/dma_sys/ipshared/a259/hdl/axi_register_slice_v2_1_vl_rfs.v:189]
INFO: [Synth 8-638] synthesizing module 'axi_register_slice_v2_1_14_axic_register_slice__parameterized0' [d:/Developer/dma_sys/dma_sys.srcs/sources_1/bd/dma_sys/ipshared/a259/hdl/axi_register_slice_v2_1_vl_rfs.v:189]
INFO: [Synth 8-256] done synthesizing module 'axi_register_slice_v2_1_14_axic_register_slice__parameterized0' (11#1) [d:/Developer/dma_sys/dma_sys.srcs/sources_1/bd/dma_sys/ipshared/a259/hdl/axi_register_slice_v2_1_vl_rfs.v:189]
INFO: [Synth 8-638] synthesizing module 'axi_register_slice_v2_1_14_axic_register_slice__parameterized1' [d:/Developer/dma_sys/dma_sys.srcs/sources_1/bd/dma_sys/ipshared/a259/hdl/axi_register_slice_v2_1_vl_rfs.v:189]
INFO: [Synth 8-256] done synthesizing module 'axi_register_slice_v2_1_14_axic_register_slice__parameterized1' (11#1) [d:/Developer/dma_sys/dma_sys.srcs/sources_1/bd/dma_sys/ipshared/a259/hdl/axi_register_slice_v2_1_vl_rfs.v:189]
INFO: [Synth 8-638] synthesizing module 'axi_register_slice_v2_1_14_axic_register_slice__parameterized2' [d:/Developer/dma_sys/dma_sys.srcs/sources_1/bd/dma_sys/ipshared/a259/hdl/axi_register_slice_v2_1_vl_rfs.v:189]
INFO: [Synth 8-256] done synthesizing module 'axi_register_slice_v2_1_14_axic_register_slice__parameterized2' (11#1) [d:/Developer/dma_sys/dma_sys.srcs/sources_1/bd/dma_sys/ipshared/a259/hdl/axi_register_slice_v2_1_vl_rfs.v:189]
INFO: [Synth 8-638] synthesizing module 'axi_infrastructure_v1_1_0_axi2vector' [d:/Developer/dma_sys/dma_sys.srcs/sources_1/bd/dma_sys/ipshared/ec67/hdl/axi_infrastructure_v1_1_vl_rfs.v:60]
INFO: [Synth 8-256] done synthesizing module 'axi_infrastructure_v1_1_0_axi2vector' (12#1) [d:/Developer/dma_sys/dma_sys.srcs/sources_1/bd/dma_sys/ipshared/ec67/hdl/axi_infrastructure_v1_1_vl_rfs.v:60]
INFO: [Synth 8-638] synthesizing module 'axi_infrastructure_v1_1_0_vector2axi' [d:/Developer/dma_sys/dma_sys.srcs/sources_1/bd/dma_sys/ipshared/ec67/hdl/axi_infrastructure_v1_1_vl_rfs.v:474]
INFO: [Synth 8-256] done synthesizing module 'axi_infrastructure_v1_1_0_vector2axi' (13#1) [d:/Developer/dma_sys/dma_sys.srcs/sources_1/bd/dma_sys/ipshared/ec67/hdl/axi_infrastructure_v1_1_vl_rfs.v:474]
INFO: [Synth 8-256] done synthesizing module 'axi_register_slice_v2_1_14_axi_register_slice' (14#1) [d:/Developer/dma_sys/dma_sys.srcs/sources_1/bd/dma_sys/ipshared/a259/hdl/axi_register_slice_v2_1_vl_rfs.v:1284]
INFO: [Synth 8-638] synthesizing module 'axi_register_slice_v2_1_14_axi_register_slice__parameterized0' [d:/Developer/dma_sys/dma_sys.srcs/sources_1/bd/dma_sys/ipshared/a259/hdl/axi_register_slice_v2_1_vl_rfs.v:1284]
INFO: [Synth 8-638] synthesizing module 'axi_register_slice_v2_1_14_axic_register_slice__parameterized3' [d:/Developer/dma_sys/dma_sys.srcs/sources_1/bd/dma_sys/ipshared/a259/hdl/axi_register_slice_v2_1_vl_rfs.v:189]
INFO: [Synth 8-256] done synthesizing module 'axi_register_slice_v2_1_14_axic_register_slice__parameterized3' (14#1) [d:/Developer/dma_sys/dma_sys.srcs/sources_1/bd/dma_sys/ipshared/a259/hdl/axi_register_slice_v2_1_vl_rfs.v:189]
INFO: [Synth 8-638] synthesizing module 'axi_register_slice_v2_1_14_axic_register_slice__parameterized4' [d:/Developer/dma_sys/dma_sys.srcs/sources_1/bd/dma_sys/ipshared/a259/hdl/axi_register_slice_v2_1_vl_rfs.v:189]
INFO: [Synth 8-256] done synthesizing module 'axi_register_slice_v2_1_14_axic_register_slice__parameterized4' (14#1) [d:/Developer/dma_sys/dma_sys.srcs/sources_1/bd/dma_sys/ipshared/a259/hdl/axi_register_slice_v2_1_vl_rfs.v:189]
INFO: [Synth 8-638] synthesizing module 'axi_register_slice_v2_1_14_axic_register_slice__parameterized5' [d:/Developer/dma_sys/dma_sys.srcs/sources_1/bd/dma_sys/ipshared/a259/hdl/axi_register_slice_v2_1_vl_rfs.v:189]
INFO: [Synth 8-256] done synthesizing module 'axi_register_slice_v2_1_14_axic_register_slice__parameterized5' (14#1) [d:/Developer/dma_sys/dma_sys.srcs/sources_1/bd/dma_sys/ipshared/a259/hdl/axi_register_slice_v2_1_vl_rfs.v:189]
INFO: [Synth 8-638] synthesizing module 'axi_register_slice_v2_1_14_axic_register_slice__parameterized6' [d:/Developer/dma_sys/dma_sys.srcs/sources_1/bd/dma_sys/ipshared/a259/hdl/axi_register_slice_v2_1_vl_rfs.v:189]
INFO: [Synth 8-256] done synthesizing module 'axi_register_slice_v2_1_14_axic_register_slice__parameterized6' (14#1) [d:/Developer/dma_sys/dma_sys.srcs/sources_1/bd/dma_sys/ipshared/a259/hdl/axi_register_slice_v2_1_vl_rfs.v:189]
INFO: [Synth 8-638] synthesizing module 'axi_infrastructure_v1_1_0_axi2vector__parameterized0' [d:/Developer/dma_sys/dma_sys.srcs/sources_1/bd/dma_sys/ipshared/ec67/hdl/axi_infrastructure_v1_1_vl_rfs.v:60]
INFO: [Synth 8-256] done synthesizing module 'axi_infrastructure_v1_1_0_axi2vector__parameterized0' (14#1) [d:/Developer/dma_sys/dma_sys.srcs/sources_1/bd/dma_sys/ipshared/ec67/hdl/axi_infrastructure_v1_1_vl_rfs.v:60]
INFO: [Synth 8-638] synthesizing module 'axi_infrastructure_v1_1_0_vector2axi__parameterized0' [d:/Developer/dma_sys/dma_sys.srcs/sources_1/bd/dma_sys/ipshared/ec67/hdl/axi_infrastructure_v1_1_vl_rfs.v:474]
INFO: [Synth 8-256] done synthesizing module 'axi_infrastructure_v1_1_0_vector2axi__parameterized0' (14#1) [d:/Developer/dma_sys/dma_sys.srcs/sources_1/bd/dma_sys/ipshared/ec67/hdl/axi_infrastructure_v1_1_vl_rfs.v:474]
INFO: [Synth 8-256] done synthesizing module 'axi_register_slice_v2_1_14_axi_register_slice__parameterized0' (14#1) [d:/Developer/dma_sys/dma_sys.srcs/sources_1/bd/dma_sys/ipshared/a259/hdl/axi_register_slice_v2_1_vl_rfs.v:1284]
INFO: [Synth 8-256] done synthesizing module 'axi_protocol_converter_v2_1_14_b2s' (15#1) [d:/Developer/dma_sys/dma_sys.srcs/sources_1/bd/dma_sys/ipshared/33cc/hdl/axi_protocol_converter_v2_1_vl_rfs.v:4229]
INFO: [Synth 8-256] done synthesizing module 'axi_protocol_converter_v2_1_14_axi_protocol_converter' (16#1) [d:/Developer/dma_sys/dma_sys.srcs/sources_1/bd/dma_sys/ipshared/33cc/hdl/axi_protocol_converter_v2_1_vl_rfs.v:4811]
INFO: [Synth 8-256] done synthesizing module 'dma_sys_auto_pc_0' (17#1) [d:/Developer/dma_sys/dma_sys.srcs/sources_1/bd/dma_sys/ip/dma_sys_auto_pc_0/synth/dma_sys_auto_pc_0.v:58]
Finished RTL Elaboration : Time (s): cpu = 00:00:53 ; elapsed = 00:00:54 . Memory (MB): peak = 523.273 ; gain = 222.793
Finished RTL Optimization Phase 1 : Time (s): cpu = 00:00:53 ; elapsed = 00:00:54 . Memory (MB): peak = 523.273 ; gain = 222.793
INFO: [Device 21-403] Loading part xc7z020clg484-1
Constraint Validation Runtime : Time (s): cpu = 00:00:00 ; elapsed = 00:00:00.074 . Memory (MB): peak = 784.496 ; gain = 0.000
Finished Constraint Validation : Time (s): cpu = 00:01:08 ; elapsed = 00:01:22 . Memory (MB): peak = 784.496 ; gain = 484.016
Finished Loading Part and Timing Information : Time (s): cpu = 00:01:08 ; elapsed = 00:01:22 . Memory (MB): peak = 784.496 ; gain = 484.016
Finished applying 'set_property' XDC Constraints : Time (s): cpu = 00:01:08 ; elapsed = 00:01:22 . Memory (MB): peak = 784.496 ; gain = 484.016
Finished RTL Optimization Phase 2 : Time (s): cpu = 00:01:09 ; elapsed = 00:01:22 . Memory (MB): peak = 784.496 ; gain = 484.016
Finished Cross Boundary and Area Optimization : Time (s): cpu = 00:01:11 ; elapsed = 00:01:24 . Memory (MB): peak = 784.496 ; gain = 484.016
Finished Applying XDC Timing Constraints : Time (s): cpu = 00:01:21 ; elapsed = 00:01:35 . Memory (MB): peak = 784.496 ; gain = 484.016
Finished Timing Optimization : Time (s): cpu = 00:01:23 ; elapsed = 00:01:37 . Memory (MB): peak = 805.855 ; gain = 505.375
Finished Technology Mapping : Time (s): cpu = 00:01:23 ; elapsed = 00:01:37 . Memory (MB): peak = 805.855 ; gain = 505.375
Finished IO Insertion : Time (s): cpu = 00:01:24 ; elapsed = 00:01:38 . Memory (MB): peak = 805.855 ; gain = 505.375
Finished Renaming Generated Instances : Time (s): cpu = 00:01:24 ; elapsed = 00:01:38 . Memory (MB): peak = 805.855 ; gain = 505.375
Finished Rebuilding User Hierarchy : Time (s): cpu = 00:01:24 ; elapsed = 00:01:38 . Memory (MB): peak = 805.855 ; gain = 505.375
Finished Renaming Generated Ports : Time (s): cpu = 00:01:24 ; elapsed = 00:01:38 . Memory (MB): peak = 805.855 ; gain = 505.375
Finished Handling Custom Attributes : Time (s): cpu = 00:01:24 ; elapsed = 00:01:38 . Memory (MB): peak = 805.855 ; gain = 505.375
Finished Renaming Generated Nets : Time (s): cpu = 00:01:24 ; elapsed = 00:01:38 . Memory (MB): peak = 805.855 ; gain = 505.375

Report Cell Usage: 
+------+--------+------+
|      |Cell    |Count |
+------+--------+------+
|1     |CARRY4  |    18|
|2     |LUT1    |     6|
|3     |LUT2    |    19|
|4     |LUT3    |   243|
|5     |LUT4    |    47|
|6     |LUT5    |    66|
|7     |LUT6    |   104|
|8     |SRL16E  |    18|
|9     |SRLC32E |    47|
|10    |FDRE    |   552|
|11    |FDSE    |    49|
+------+--------+------+
Finished Writing Synthesis Report : Time (s): cpu = 00:01:24 ; elapsed = 00:01:38 . Memory (MB): peak = 805.855 ; gain = 505.375
synth_design: Time (s): cpu = 00:01:26 ; elapsed = 00:01:41 . Memory (MB): peak = 805.855 ; gain = 515.586
